<?xml version="1.0" encoding="UTF-8"?>
<testsuite xmlns:xsi="http://www.w3.org/2001/XMLSchema-instance" xsi:noNamespaceSchemaLocation="https://maven.apache.org/surefire/maven-surefire-plugin/xsd/surefire-test-report.xsd" name="ch.hslu.sweng.team5.BookingAdminTest" time="0.002" tests="5" errors="0" skipped="0" failures="0">
  <properties>
[...]
</properties>
  <testcase name="checkAvailableSeatsTest" classname="ch.hslu.sweng.team5.BookingAdminTest" time="0.001"/>
  <testcase name="generateBookingListTest" classname="ch.hslu.sweng.team5.BookingAdminTest" time="0"/>
  <testcase name="deleteBookingTest" classname="ch.hslu.sweng.team5.BookingAdminTest" time="0"/>
  <testcase name="createBookingTest" classname="ch.hslu.sweng.team5.BookingAdminTest" time="0"/>
  <testcase name="editBookingTest" classname="ch.hslu.sweng.team5.BookingAdminTest" time="0.001"/>
</testsuite>